<?xml version="1.0" encoding="UTF-8"?>
<!-- Generated by org.testng.reporters.JUnitReportReporter -->
<testsuite hostname="DESKTOP-V353IFH" failures="0" tests="1" name="testCases.TC_001" time="15.151" errors="0" timestamp="2024-02-26T12:02:58 GMT" skipped="0">
  <testcase classname="testCases.TC_001" name="TC_001test" time="15.151"/>
</testsuite> <!-- testCases.TC_001 -->
